2017-01-16 00:43:28,434 INFO  [Version]  - Hibernate Commons Annotations 3.2.0.Final
2017-01-16 00:43:28,439 INFO  [Environment]  - Hibernate 3.6.6.Final
2017-01-16 00:43:28,439 INFO  [Environment]  - hibernate.properties not found
2017-01-16 00:43:28,442 INFO  [Environment]  - Bytecode provider name : javassist
2017-01-16 00:43:28,443 INFO  [Environment]  - using JDK 1.4 java.sql.Timestamp handling
2017-01-16 00:43:28,511 INFO  [AnnotationBinder]  - Binding entity from annotated class: com.example.shdemo.domain.Article
2017-01-16 00:43:28,520 INFO  [QueryBinder]  - Binding Named query: car.unsold => Select c from Article c where c.sold = false
2017-01-16 00:43:28,536 INFO  [EntityBinder]  - Bind entity com.example.shdemo.domain.Article on table Article
2017-01-16 00:43:28,561 INFO  [AnnotationBinder]  - Binding entity from annotated class: com.example.shdemo.domain.UniqueAbility
2017-01-16 00:43:28,562 INFO  [QueryBinder]  - Binding Named query: person.all => Select p from UniqueAbility p
2017-01-16 00:43:28,562 INFO  [QueryBinder]  - Binding Named query: person.byPin => Select p from UniqueAbility p where p.pin = :pin
2017-01-16 00:43:28,562 INFO  [EntityBinder]  - Bind entity com.example.shdemo.domain.UniqueAbility on table UniqueAbility
2017-01-16 00:43:28,591 INFO  [Configuration]  - Hibernate Validator not found: ignoring
2017-01-16 00:43:28,593 INFO  [HibernateSearchEventListenerRegister]  - Unable to find org.hibernate.search.event.FullTextIndexEventListener on the classpath. Hibernate Search is not enabled.
2017-01-16 00:43:28,596 INFO  [ConnectionProviderFactory]  - Initializing connection provider: org.springframework.orm.hibernate3.LocalDataSourceConnectionProvider
2017-01-16 00:43:28,878 INFO  [Dialect]  - Using dialect: org.hibernate.dialect.HSQLDialect
2017-01-16 00:43:28,895 INFO  [SettingsFactory]  - Database ->
       name : HSQL Database Engine
    version : 2.2.4
      major : 2
      minor : 2
2017-01-16 00:43:28,896 INFO  [SettingsFactory]  - Driver ->
       name : HSQL Database Engine Driver
    version : 2.2.4
      major : 2
      minor : 2
2017-01-16 00:43:28,897 INFO  [TransactionFactoryFactory]  - Transaction strategy: org.springframework.orm.hibernate3.SpringTransactionFactory
2017-01-16 00:43:28,897 INFO  [TransactionManagerLookupFactory]  - No TransactionManagerLookup configured (in JTA environment, use of read-write or transactional second-level cache is not recommended)
2017-01-16 00:43:28,898 INFO  [SettingsFactory]  - Automatic flush during beforeCompletion(): disabled
2017-01-16 00:43:28,898 INFO  [SettingsFactory]  - Automatic session close at end of transaction: disabled
2017-01-16 00:43:28,898 INFO  [SettingsFactory]  - JDBC batch size: 15
2017-01-16 00:43:28,898 INFO  [SettingsFactory]  - JDBC batch updates for versioned data: disabled
2017-01-16 00:43:28,898 INFO  [SettingsFactory]  - Scrollable result sets: enabled
2017-01-16 00:43:28,899 INFO  [SettingsFactory]  - JDBC3 getGeneratedKeys(): enabled
2017-01-16 00:43:28,899 INFO  [SettingsFactory]  - Connection release mode: auto
2017-01-16 00:43:28,900 INFO  [SettingsFactory]  - Default batch fetch size: 1
2017-01-16 00:43:28,900 INFO  [SettingsFactory]  - Generate SQL with comments: disabled
2017-01-16 00:43:28,900 INFO  [SettingsFactory]  - Order SQL updates by primary key: disabled
2017-01-16 00:43:28,900 INFO  [SettingsFactory]  - Order SQL inserts for batching: disabled
2017-01-16 00:43:28,900 INFO  [SettingsFactory]  - Query translator: org.hibernate.hql.ast.ASTQueryTranslatorFactory
2017-01-16 00:43:28,901 INFO  [ASTQueryTranslatorFactory]  - Using ASTQueryTranslatorFactory
2017-01-16 00:43:28,901 INFO  [SettingsFactory]  - Query language substitutions: {}
2017-01-16 00:43:28,902 INFO  [SettingsFactory]  - JPA-QL strict compliance: disabled
2017-01-16 00:43:28,902 INFO  [SettingsFactory]  - Second-level cache: enabled
2017-01-16 00:43:28,902 INFO  [SettingsFactory]  - Query cache: disabled
2017-01-16 00:43:28,902 INFO  [SettingsFactory]  - Cache region factory : org.hibernate.cache.impl.NoCachingRegionFactory
2017-01-16 00:43:28,902 INFO  [SettingsFactory]  - Optimize cache for minimal puts: disabled
2017-01-16 00:43:28,903 INFO  [SettingsFactory]  - Structured second-level cache entries: disabled
2017-01-16 00:43:28,905 INFO  [SettingsFactory]  - Echoing all SQL to stdout
2017-01-16 00:43:28,909 INFO  [SettingsFactory]  - Statistics: disabled
2017-01-16 00:43:28,910 INFO  [SettingsFactory]  - Deleted entity synthetic identifier rollback: disabled
2017-01-16 00:43:28,910 INFO  [SettingsFactory]  - Default entity-mode: pojo
2017-01-16 00:43:28,910 INFO  [SettingsFactory]  - Named query checking : enabled
2017-01-16 00:43:28,910 INFO  [SettingsFactory]  - Check Nullability in Core (should be disabled when Bean Validation is on): enabled
2017-01-16 00:43:28,920 INFO  [SessionFactoryImpl]  - building session factory
2017-01-16 00:43:28,923 INFO  [BasicTypeRegistry]  - Type registration [wrapper_characters_clob] overrides previous : org.hibernate.type.CharacterArrayClobType@171340b
2017-01-16 00:43:28,923 INFO  [BasicTypeRegistry]  - Type registration [materialized_blob] overrides previous : org.hibernate.type.MaterializedBlobType@10ff234
2017-01-16 00:43:28,923 INFO  [BasicTypeRegistry]  - Type registration [characters_clob] overrides previous : org.hibernate.type.PrimitiveCharacterArrayClobType@1e66ad5
2017-01-16 00:43:28,923 INFO  [BasicTypeRegistry]  - Type registration [wrapper_materialized_blob] overrides previous : org.hibernate.type.WrappedMaterializedBlobType@6ff930
2017-01-16 00:43:28,923 INFO  [BasicTypeRegistry]  - Type registration [clob] overrides previous : org.hibernate.type.ClobType@150d51a
2017-01-16 00:43:28,926 INFO  [BasicTypeRegistry]  - Type registration [java.sql.Clob] overrides previous : org.hibernate.type.ClobType@150d51a
2017-01-16 00:43:28,926 INFO  [BasicTypeRegistry]  - Type registration [blob] overrides previous : org.hibernate.type.BlobType@13a38ac
2017-01-16 00:43:28,926 INFO  [BasicTypeRegistry]  - Type registration [java.sql.Blob] overrides previous : org.hibernate.type.BlobType@13a38ac
2017-01-16 00:43:28,926 INFO  [BasicTypeRegistry]  - Type registration [materialized_clob] overrides previous : org.hibernate.type.MaterializedClobType@15eb959
2017-01-16 00:43:29,036 INFO  [SessionFactoryObjectFactory]  - Not binding factory to JNDI, no JNDI name configured
2017-01-16 00:43:29,165 INFO  [Dialect]  - Using dialect: org.hibernate.dialect.HSQLDialect
2017-01-16 00:43:29,183 INFO  [TableMetadata]  - table found: PUBLIC.PUBLIC.ARTICLE
2017-01-16 00:43:29,183 INFO  [TableMetadata]  - columns: [id, model, make, sold]
2017-01-16 00:43:29,183 INFO  [TableMetadata]  - foreign keys: []
2017-01-16 00:43:29,183 INFO  [TableMetadata]  - indexes: [sys_idx_sys_pk_10034_10035]
2017-01-16 00:43:29,190 INFO  [TableMetadata]  - table found: PUBLIC.PUBLIC.UNIQUEABILITY
2017-01-16 00:43:29,191 INFO  [TableMetadata]  - columns: [id, registrationdate, pin, firstname]
2017-01-16 00:43:29,191 INFO  [TableMetadata]  - foreign keys: []
2017-01-16 00:43:29,191 INFO  [TableMetadata]  - indexes: [sys_idx_sys_pk_10037_10039, sys_idx_sys_ct_10038_10040]
2017-01-16 00:43:29,202 INFO  [TableMetadata]  - table found: PUBLIC.PUBLIC.UNIQUEABILITY_ARTICLE
2017-01-16 00:43:29,203 INFO  [TableMetadata]  - columns: [cars_id, uniqueability_id]
2017-01-16 00:43:29,203 INFO  [TableMetadata]  - foreign keys: [fka7a436903889d9ac, fka7a4369091124935]
2017-01-16 00:43:29,204 INFO  [TableMetadata]  - indexes: [sys_idx_10046, sys_idx_sys_ct_10043_10045, sys_idx_10048]
2017-01-16 00:43:29,340 WARN  [JDBCExceptionReporter]  - SQL Error: -104, SQLState: 23505
2017-01-16 00:43:29,340 ERROR [JDBCExceptionReporter]  - integrity constraint violation: unique constraint or index violation; SYS_CT_10038 table: UNIQUEABILITY
2017-01-16 00:43:29,356 WARN  [JDBCExceptionReporter]  - SQL Error: -104, SQLState: 23505
2017-01-16 00:43:29,356 ERROR [JDBCExceptionReporter]  - integrity constraint violation: unique constraint or index violation; SYS_CT_10038 table: UNIQUEABILITY
2017-01-16 00:43:29,375 INFO  [SessionFactoryImpl]  - closing
